# JRE version: OpenJDK Runtime Environment JBR-17.0.14+1-1367.22-nomod (17.0.14+1) (build 17.0.14+1-b1367.22)
# Java VM: OpenJDK 64-Bit Server VM JBR-17.0.14+1-1367.22-nomod (17.0.14+1-b1367.22, mixed mode, sharing, tiered, compressed oops, compressed class ptrs, parallel gc, windows-amd64)
GC Precious Log:
 CPUs: 8 total, 8 available
 Memory: 8050M
 Large Page Support: Disabled
 NUMA Support: Disabled
 Compressed Oops: Enabled (Zero based)
 Alignments: Space 512K, Generation 512K, Heap 2M
 Heap Min Capacity: 8M
 Heap Initial Capacity: 126M
 Heap Max Capacity: 4G
 Pre-touch: Disabled
 Parallel Workers: 8
Heap:
 PSYoungGen      total 184320K, used 98908K [0x00000007aab00000, 0x00000007b7e80000, 0x0000000800000000)
  eden space 181760K, 53% used [0x00000007aab00000,0x00000007b094f240,0x00000007b5c80000)
  from space 2560K, 91% used [0x00000007b6380000,0x00000007b65c8030,0x00000007b6600000)
  to   space 17408K, 0% used [0x00000007b6d80000,0x00000007b6d80000,0x00000007b7e80000)
 ParOldGen       total 235520K, used 210827K [0x0000000700000000, 0x000000070e600000, 0x00000007aab00000)
  object space 235520K, 89% used [0x0000000700000000,0x000000070cde2d50,0x000000070e600000)
 Metaspace       used 175264K, committed 176768K, reserved 1245184K
  class space    used 24540K, committed 25216K, reserved 1048576K
GC Heap History (20 events):
Event: 1262.521 GC heap before
{Heap before GC invocations=80 (full 5):
 PSYoungGen      total 99840K, used 96651K [0x00000007aab00000, 0x00000007b1c80000, 0x0000000800000000)
  eden space 86016K, 100% used [0x00000007aab00000,0x00000007aff00000,0x00000007aff00000)
  from space 13824K, 76% used [0x00000007b0d80000,0x00000007b17e2dd8,0x00000007b1b00000)
  to   space 14848K, 0% used [0x00000007aff00000,0x00000007aff00000,0x00000007b0d80000)
 ParOldGen       total 168960K, used 150653K [0x0000000700000000, 0x000000070a500000, 0x00000007aab00000)
  object space 168960K, 89% used [0x0000000700000000,0x000000070931f510,0x000000070a500000)
 Metaspace       used 126340K, committed 127360K, reserved 1179648K
  class space    used 17738K, committed 18240K, reserved 1048576K
}
Event: 1262.532 GC heap after
{Heap after GC invocations=80 (full 5):
 PSYoungGen      total 100864K, used 10691K [0x00000007aab00000, 0x00000007b2d80000, 0x0000000800000000)
  eden space 86016K, 0% used [0x00000007aab00000,0x00000007aab00000,0x00000007aff00000)
  from space 14848K, 72% used [0x00000007aff00000,0x00000007b0970f50,0x00000007b0d80000)
  to   space 15872K, 0% used [0x00000007b1e00000,0x00000007b1e00000,0x00000007b2d80000)
 ParOldGen       total 168960K, used 160698K [0x0000000700000000, 0x000000070a500000, 0x00000007aab00000)
  object space 168960K, 95% used [0x0000000700000000,0x0000000709cee9c8,0x000000070a500000)
 Metaspace       used 126340K, committed 127360K, reserved 1179648K
  class space    used 17738K, committed 18240K, reserved 1048576K
}
Event: 1263.418 GC heap before
{Heap before GC invocations=81 (full 6):
 PSYoungGen      total 100864K, used 96707K [0x00000007aab00000, 0x00000007b2d80000, 0x0000000800000000)
  eden space 86016K, 100% used [0x00000007aab00000,0x00000007aff00000,0x00000007aff00000)
  from space 14848K, 72% used [0x00000007aff00000,0x00000007b0970f50,0x00000007b0d80000)
  to   space 15872K, 0% used [0x00000007b1e00000,0x00000007b1e00000,0x00000007b2d80000)
 ParOldGen       total 168960K, used 160698K [0x0000000700000000, 0x000000070a500000, 0x00000007aab00000)
  object space 168960K, 95% used [0x0000000700000000,0x0000000709cee9c8,0x000000070a500000)
 Metaspace       used 126340K, committed 127360K, reserved 1179648K
  class space    used 17738K, committed 18240K, reserved 1048576K
}
Event: 1263.825 GC heap after
{Heap after GC invocations=81 (full 6):
 PSYoungGen      total 117760K, used 0K [0x00000007aab00000, 0x00000007b2e00000, 0x0000000800000000)
  eden space 101888K, 0% used [0x00000007aab00000,0x00000007aab00000,0x00000007b0e80000)
  from space 15872K, 0% used [0x00000007b1e00000,0x00000007b1e00000,0x00000007b2d80000)
  to   space 15872K, 0% used [0x00000007b0e80000,0x00000007b0e80000,0x00000007b1e00000)
 ParOldGen       total 235520K, used 157934K [0x0000000700000000, 0x000000070e600000, 0x00000007aab00000)
  object space 235520K, 67% used [0x0000000700000000,0x0000000709a3b8d8,0x000000070e600000)
 Metaspace       used 126283K, committed 127360K, reserved 1179648K
  class space    used 17725K, committed 18240K, reserved 1048576K
}
Event: 1265.044 GC heap before
{Heap before GC invocations=82 (full 6):
 PSYoungGen      total 117760K, used 101888K [0x00000007aab00000, 0x00000007b2e00000, 0x0000000800000000)
  eden space 101888K, 100% used [0x00000007aab00000,0x00000007b0e80000,0x00000007b0e80000)
  from space 15872K, 0% used [0x00000007b1e00000,0x00000007b1e00000,0x00000007b2d80000)
  to   space 15872K, 0% used [0x00000007b0e80000,0x00000007b0e80000,0x00000007b1e00000)
 ParOldGen       total 235520K, used 157934K [0x0000000700000000, 0x000000070e600000, 0x00000007aab00000)
  object space 235520K, 67% used [0x0000000700000000,0x0000000709a3b8d8,0x000000070e600000)
 Metaspace       used 127824K, committed 128896K, reserved 1179648K
  class space    used 17846K, committed 18368K, reserved 1048576K
}
Event: 1265.049 GC heap after
{Heap after GC invocations=82 (full 6):
 PSYoungGen      total 117760K, used 7268K [0x00000007aab00000, 0x00000007b3f00000, 0x0000000800000000)
  eden space 101888K, 0% used [0x00000007aab00000,0x00000007aab00000,0x00000007b0e80000)
  from space 15872K, 45% used [0x00000007b0e80000,0x00000007b1599210,0x00000007b1e00000)
  to   space 15360K, 0% used [0x00000007b3000000,0x00000007b3000000,0x00000007b3f00000)
 ParOldGen       total 235520K, used 157942K [0x0000000700000000, 0x000000070e600000, 0x00000007aab00000)
  object space 235520K, 67% used [0x0000000700000000,0x0000000709a3d8d8,0x000000070e600000)
 Metaspace       used 127824K, committed 128896K, reserved 1179648K
  class space    used 17846K, committed 18368K, reserved 1048576K
}
Event: 1266.393 GC heap before
{Heap before GC invocations=83 (full 6):
 PSYoungGen      total 117760K, used 109156K [0x00000007aab00000, 0x00000007b3f00000, 0x0000000800000000)
  eden space 101888K, 100% used [0x00000007aab00000,0x00000007b0e80000,0x00000007b0e80000)
  from space 15872K, 45% used [0x00000007b0e80000,0x00000007b1599210,0x00000007b1e00000)
  to   space 15360K, 0% used [0x00000007b3000000,0x00000007b3000000,0x00000007b3f00000)
 ParOldGen       total 235520K, used 157942K [0x0000000700000000, 0x000000070e600000, 0x00000007aab00000)
  object space 235520K, 67% used [0x0000000700000000,0x0000000709a3d8d8,0x000000070e600000)
 Metaspace       used 133018K, committed 134080K, reserved 1179648K
  class space    used 18509K, committed 19008K, reserved 1048576K
}
Event: 1266.407 GC heap after
{Heap after GC invocations=83 (full 6):
 PSYoungGen      total 136192K, used 8560K [0x00000007aab00000, 0x00000007b3f00000, 0x0000000800000000)
  eden space 120832K, 0% used [0x00000007aab00000,0x00000007aab00000,0x00000007b2100000)
  from space 15360K, 55% used [0x00000007b3000000,0x00000007b385c340,0x00000007b3f00000)
  to   space 15360K, 0% used [0x00000007b2100000,0x00000007b2100000,0x00000007b3000000)
 ParOldGen       total 235520K, used 163978K [0x0000000700000000, 0x000000070e600000, 0x00000007aab00000)
  object space 235520K, 69% used [0x0000000700000000,0x000000070a022b90,0x000000070e600000)
 Metaspace       used 133018K, committed 134080K, reserved 1179648K
  class space    used 18509K, committed 19008K, reserved 1048576K
}
Event: 1267.800 GC heap before
{Heap before GC invocations=84 (full 6):
 PSYoungGen      total 136192K, used 129392K [0x00000007aab00000, 0x00000007b3f00000, 0x0000000800000000)
  eden space 120832K, 100% used [0x00000007aab00000,0x00000007b2100000,0x00000007b2100000)
  from space 15360K, 55% used [0x00000007b3000000,0x00000007b385c340,0x00000007b3f00000)
  to   space 15360K, 0% used [0x00000007b2100000,0x00000007b2100000,0x00000007b3000000)
 ParOldGen       total 235520K, used 163978K [0x0000000700000000, 0x000000070e600000, 0x00000007aab00000)
  object space 235520K, 69% used [0x0000000700000000,0x000000070a022b90,0x000000070e600000)
 Metaspace       used 138556K, committed 139776K, reserved 1179648K
  class space    used 19207K, committed 19776K, reserved 1048576K
}
Event: 1267.818 GC heap after
{Heap after GC invocations=84 (full 6):
 PSYoungGen      total 136192K, used 9686K [0x00000007aab00000, 0x00000007b5480000, 0x0000000800000000)
  eden space 120832K, 0% used [0x00000007aab00000,0x00000007aab00000,0x00000007b2100000)
  from space 15360K, 63% used [0x00000007b2100000,0x00000007b2a75870,0x00000007b3000000)
  to   space 15360K, 0% used [0x00000007b4580000,0x00000007b4580000,0x00000007b5480000)
 ParOldGen       total 235520K, used 172266K [0x0000000700000000, 0x000000070e600000, 0x00000007aab00000)
  object space 235520K, 73% used [0x0000000700000000,0x000000070a83abd0,0x000000070e600000)
 Metaspace       used 138556K, committed 139776K, reserved 1179648K
  class space    used 19207K, committed 19776K, reserved 1048576K
}
Event: 1405.659 GC heap before
{Heap before GC invocations=85 (full 6):
 PSYoungGen      total 136192K, used 130518K [0x00000007aab00000, 0x00000007b5480000, 0x0000000800000000)
  eden space 120832K, 100% used [0x00000007aab00000,0x00000007b2100000,0x00000007b2100000)
  from space 15360K, 63% used [0x00000007b2100000,0x00000007b2a75870,0x00000007b3000000)
  to   space 15360K, 0% used [0x00000007b4580000,0x00000007b4580000,0x00000007b5480000)
 ParOldGen       total 235520K, used 172266K [0x0000000700000000, 0x000000070e600000, 0x00000007aab00000)
  object space 235520K, 73% used [0x0000000700000000,0x000000070a83abd0,0x000000070e600000)
 Metaspace       used 139102K, committed 140352K, reserved 1179648K
  class space    used 19247K, committed 19904K, reserved 1048576K
}
Event: 1405.709 GC heap after
{Heap after GC invocations=85 (full 6):
 PSYoungGen      total 157696K, used 9712K [0x00000007aab00000, 0x00000007b5500000, 0x0000000800000000)
  eden space 142336K, 0% used [0x00000007aab00000,0x00000007aab00000,0x00000007b3600000)
  from space 15360K, 63% used [0x00000007b4580000,0x00000007b4efc010,0x00000007b5480000)
  to   space 15872K, 0% used [0x00000007b3600000,0x00000007b3600000,0x00000007b4580000)
 ParOldGen       total 235520K, used 181264K [0x0000000700000000, 0x000000070e600000, 0x00000007aab00000)
  object space 235520K, 76% used [0x0000000700000000,0x000000070b1043d8,0x000000070e600000)
 Metaspace       used 139102K, committed 140352K, reserved 1179648K
  class space    used 19247K, committed 19904K, reserved 1048576K
}
Event: 1412.046 GC heap before
{Heap before GC invocations=86 (full 6):
 PSYoungGen      total 157696K, used 152044K [0x00000007aab00000, 0x00000007b5500000, 0x0000000800000000)
  eden space 142336K, 99% used [0x00000007aab00000,0x00000007b35ff0c8,0x00000007b3600000)
  from space 15360K, 63% used [0x00000007b4580000,0x00000007b4efc010,0x00000007b5480000)
  to   space 15872K, 0% used [0x00000007b3600000,0x00000007b3600000,0x00000007b4580000)
 ParOldGen       total 235520K, used 181264K [0x0000000700000000, 0x000000070e600000, 0x00000007aab00000)
  object space 235520K, 76% used [0x0000000700000000,0x000000070b1043d8,0x000000070e600000)
 Metaspace       used 139724K, committed 141056K, reserved 1179648K
  class space    used 19312K, committed 19968K, reserved 1048576K
}
Event: 1412.066 GC heap after
{Heap after GC invocations=86 (full 6):
 PSYoungGen      total 158208K, used 5344K [0x00000007aab00000, 0x00000007b6b80000, 0x0000000800000000)
  eden space 142336K, 0% used [0x00000007aab00000,0x00000007aab00000,0x00000007b3600000)
  from space 15872K, 33% used [0x00000007b3600000,0x00000007b3b38000,0x00000007b4580000)
  to   space 15360K, 0% used [0x00000007b5c80000,0x00000007b5c80000,0x00000007b6b80000)
 ParOldGen       total 235520K, used 190446K [0x0000000700000000, 0x000000070e600000, 0x00000007aab00000)
  object space 235520K, 80% used [0x0000000700000000,0x000000070b9fbbf8,0x000000070e600000)
 Metaspace       used 139724K, committed 141056K, reserved 1179648K
  class space    used 19312K, committed 19968K, reserved 1048576K
}
Event: 1418.431 GC heap before
{Heap before GC invocations=87 (full 6):
 PSYoungGen      total 158208K, used 147680K [0x00000007aab00000, 0x00000007b6b80000, 0x0000000800000000)
  eden space 142336K, 100% used [0x00000007aab00000,0x00000007b3600000,0x00000007b3600000)
  from space 15872K, 33% used [0x00000007b3600000,0x00000007b3b38000,0x00000007b4580000)
  to   space 15360K, 0% used [0x00000007b5c80000,0x00000007b5c80000,0x00000007b6b80000)
 ParOldGen       total 235520K, used 190446K [0x0000000700000000, 0x000000070e600000, 0x00000007aab00000)
  object space 235520K, 80% used [0x0000000700000000,0x000000070b9fbbf8,0x000000070e600000)
 Metaspace       used 142452K, committed 143872K, reserved 1179648K
  class space    used 19676K, committed 20352K, reserved 1048576K
}
Event: 1418.448 GC heap after
{Heap after GC invocations=87 (full 6):
 PSYoungGen      total 178688K, used 4848K [0x00000007aab00000, 0x00000007b6980000, 0x0000000800000000)
  eden space 165376K, 0% used [0x00000007aab00000,0x00000007aab00000,0x00000007b4c80000)
  from space 13312K, 36% used [0x00000007b5c80000,0x00000007b613c048,0x00000007b6980000)
  to   space 14848K, 0% used [0x00000007b4c80000,0x00000007b4c80000,0x00000007b5b00000)
 ParOldGen       total 235520K, used 195447K [0x0000000700000000, 0x000000070e600000, 0x00000007aab00000)
  object space 235520K, 82% used [0x0000000700000000,0x000000070beddce8,0x000000070e600000)
 Metaspace       used 142452K, committed 143872K, reserved 1179648K
  class space    used 19676K, committed 20352K, reserved 1048576K
}
Event: 1474.772 GC heap before
{Heap before GC invocations=88 (full 6):
 PSYoungGen      total 178688K, used 170224K [0x00000007aab00000, 0x00000007b6980000, 0x0000000800000000)
  eden space 165376K, 100% used [0x00000007aab00000,0x00000007b4c80000,0x00000007b4c80000)
  from space 13312K, 36% used [0x00000007b5c80000,0x00000007b613c048,0x00000007b6980000)
  to   space 14848K, 0% used [0x00000007b4c80000,0x00000007b4c80000,0x00000007b5b00000)
 ParOldGen       total 235520K, used 195447K [0x0000000700000000, 0x000000070e600000, 0x00000007aab00000)
  object space 235520K, 82% used [0x0000000700000000,0x000000070beddce8,0x000000070e600000)
 Metaspace       used 153344K, committed 154752K, reserved 1245184K
  class space    used 21043K, committed 21696K, reserved 1048576K
}
Event: 1474.816 GC heap after
{Heap after GC invocations=88 (full 6):
 PSYoungGen      total 180224K, used 11406K [0x00000007aab00000, 0x00000007b8400000, 0x0000000800000000)
  eden space 165376K, 0% used [0x00000007aab00000,0x00000007aab00000,0x00000007b4c80000)
  from space 14848K, 76% used [0x00000007b4c80000,0x00000007b57a3968,0x00000007b5b00000)
  to   space 15872K, 0% used [0x00000007b7480000,0x00000007b7480000,0x00000007b8400000)
 ParOldGen       total 235520K, used 200046K [0x0000000700000000, 0x000000070e600000, 0x00000007aab00000)
  object space 235520K, 84% used [0x0000000700000000,0x000000070c35b950,0x000000070e600000)
 Metaspace       used 153344K, committed 154752K, reserved 1245184K
  class space    used 21043K, committed 21696K, reserved 1048576K
}
Event: 1478.988 GC heap before
{Heap before GC invocations=89 (full 6):
 PSYoungGen      total 180224K, used 176782K [0x00000007aab00000, 0x00000007b8400000, 0x0000000800000000)
  eden space 165376K, 99% used [0x00000007aab00000,0x00000007b4c7fff0,0x00000007b4c80000)
  from space 14848K, 76% used [0x00000007b4c80000,0x00000007b57a3968,0x00000007b5b00000)
  to   space 15872K, 0% used [0x00000007b7480000,0x00000007b7480000,0x00000007b8400000)
 ParOldGen       total 235520K, used 200046K [0x0000000700000000, 0x000000070e600000, 0x00000007aab00000)
  object space 235520K, 84% used [0x0000000700000000,0x000000070c35b950,0x000000070e600000)
 Metaspace       used 167912K, committed 169280K, reserved 1245184K
  class space    used 23478K, committed 24128K, reserved 1048576K
}
Event: 1479.012 GC heap after
{Heap after GC invocations=89 (full 6):
 PSYoungGen      total 204800K, used 14136K [0x00000007aab00000, 0x00000007b8680000, 0x0000000800000000)
  eden space 188928K, 0% used [0x00000007aab00000,0x00000007aab00000,0x00000007b6380000)
  from space 15872K, 89% used [0x00000007b7480000,0x00000007b824e0c0,0x00000007b8400000)
  to   space 17408K, 0% used [0x00000007b6380000,0x00000007b6380000,0x00000007b7480000)
 ParOldGen       total 235520K, used 207783K [0x0000000700000000, 0x000000070e600000, 0x00000007aab00000)
  object space 235520K, 88% used [0x0000000700000000,0x000000070cae9ce0,0x000000070e600000)
 Metaspace       used 167912K, committed 169280K, reserved 1245184K
  class space    used 23478K, committed 24128K, reserved 1048576K
}

