# JRE version: OpenJDK Runtime Environment JBR-17.0.14+1-1367.22-nomod (17.0.14+1) (build 17.0.14+1-b1367.22)
# Java VM: OpenJDK 64-Bit Server VM JBR-17.0.14+1-1367.22-nomod (17.0.14+1-b1367.22, mixed mode, sharing, tiered, compressed oops, compressed class ptrs, parallel gc, windows-amd64)
GC Precious Log:
 CPUs: 8 total, 8 available
 Memory: 8050M
 Large Page Support: Disabled
 NUMA Support: Disabled
 Compressed Oops: Enabled (Zero based)
 Alignments: Space 512K, Generation 512K, Heap 2M
 Heap Min Capacity: 8M
 Heap Initial Capacity: 126M
 Heap Max Capacity: 4G
 Pre-touch: Disabled
 Parallel Workers: 8
Heap:
 PSYoungGen      total 250368K, used 65496K [0x00000007aab00000, 0x00000007bf380000, 0x0000000800000000)
  eden space 174592K, 11% used [0x00000007aab00000,0x00000007abec9478,0x00000007b5580000)
  from space 75776K, 59% used [0x00000007ba980000,0x00000007bd5acc48,0x00000007bf380000)
  to   space 80896K, 0% used [0x00000007b5580000,0x00000007b5580000,0x00000007ba480000)
 ParOldGen       total 168448K, used 134988K [0x0000000700000000, 0x000000070a480000, 0x00000007aab00000)
  object space 168448K, 80% used [0x0000000700000000,0x00000007083d3160,0x000000070a480000)
 Metaspace       used 133476K, committed 134848K, reserved 1179648K
  class space    used 18407K, committed 19072K, reserved 1048576K
GC Heap History (20 events):
Event: 441.536 GC heap before
{Heap before GC invocations=26 (full 5):
 PSYoungGen      total 194560K, used 157823K [0x00000007aab00000, 0x00000007ba580000, 0x0000000800000000)
  eden space 134656K, 100% used [0x00000007aab00000,0x00000007b2e80000,0x00000007b2e80000)
  from space 59904K, 38% used [0x00000007b2e80000,0x00000007b451fcf8,0x00000007b6900000)
  to   space 56832K, 0% used [0x00000007b6e00000,0x00000007b6e00000,0x00000007ba580000)
 ParOldGen       total 168448K, used 134900K [0x0000000700000000, 0x000000070a480000, 0x00000007aab00000)
  object space 168448K, 80% used [0x0000000700000000,0x00000007083bd160,0x000000070a480000)
 Metaspace       used 120399K, committed 121600K, reserved 1179648K
  class space    used 16748K, committed 17344K, reserved 1048576K
}
Event: 441.575 GC heap after
{Heap after GC invocations=26 (full 5):
 PSYoungGen      total 168960K, used 26191K [0x00000007aab00000, 0x00000007b9400000, 0x0000000800000000)
  eden space 130048K, 0% used [0x00000007aab00000,0x00000007aab00000,0x00000007b2a00000)
  from space 38912K, 67% used [0x00000007b6e00000,0x00000007b8793f48,0x00000007b9400000)
  to   space 54272K, 0% used [0x00000007b2a00000,0x00000007b2a00000,0x00000007b5f00000)
 ParOldGen       total 168448K, used 134908K [0x0000000700000000, 0x000000070a480000, 0x00000007aab00000)
  object space 168448K, 80% used [0x0000000700000000,0x00000007083bf160,0x000000070a480000)
 Metaspace       used 120399K, committed 121600K, reserved 1179648K
  class space    used 16748K, committed 17344K, reserved 1048576K
}
Event: 443.421 GC heap before
{Heap before GC invocations=27 (full 5):
 PSYoungGen      total 168960K, used 156239K [0x00000007aab00000, 0x00000007b9400000, 0x0000000800000000)
  eden space 130048K, 100% used [0x00000007aab00000,0x00000007b2a00000,0x00000007b2a00000)
  from space 38912K, 67% used [0x00000007b6e00000,0x00000007b8793f48,0x00000007b9400000)
  to   space 54272K, 0% used [0x00000007b2a00000,0x00000007b2a00000,0x00000007b5f00000)
 ParOldGen       total 168448K, used 134908K [0x0000000700000000, 0x000000070a480000, 0x00000007aab00000)
  object space 168448K, 80% used [0x0000000700000000,0x00000007083bf160,0x000000070a480000)
 Metaspace       used 123188K, committed 124352K, reserved 1179648K
  class space    used 17128K, committed 17728K, reserved 1048576K
}
Event: 443.478 GC heap after
{Heap after GC invocations=27 (full 5):
 PSYoungGen      total 184320K, used 37536K [0x00000007aab00000, 0x00000007ba100000, 0x0000000800000000)
  eden space 130048K, 0% used [0x00000007aab00000,0x00000007aab00000,0x00000007b2a00000)
  from space 54272K, 69% used [0x00000007b2a00000,0x00000007b4ea81f8,0x00000007b5f00000)
  to   space 55808K, 0% used [0x00000007b6a80000,0x00000007b6a80000,0x00000007ba100000)
 ParOldGen       total 168448K, used 134916K [0x0000000700000000, 0x000000070a480000, 0x00000007aab00000)
  object space 168448K, 80% used [0x0000000700000000,0x00000007083c1160,0x000000070a480000)
 Metaspace       used 123188K, committed 124352K, reserved 1179648K
  class space    used 17128K, committed 17728K, reserved 1048576K
}
Event: 447.268 GC heap before
{Heap before GC invocations=28 (full 5):
 PSYoungGen      total 184320K, used 167584K [0x00000007aab00000, 0x00000007ba100000, 0x0000000800000000)
  eden space 130048K, 100% used [0x00000007aab00000,0x00000007b2a00000,0x00000007b2a00000)
  from space 54272K, 69% used [0x00000007b2a00000,0x00000007b4ea81f8,0x00000007b5f00000)
  to   space 55808K, 0% used [0x00000007b6a80000,0x00000007b6a80000,0x00000007ba100000)
 ParOldGen       total 168448K, used 134916K [0x0000000700000000, 0x000000070a480000, 0x00000007aab00000)
  object space 168448K, 80% used [0x0000000700000000,0x00000007083c1160,0x000000070a480000)
 Metaspace       used 124824K, committed 126016K, reserved 1179648K
  class space    used 17372K, committed 17984K, reserved 1048576K
}
Event: 447.328 GC heap after
{Heap after GC invocations=28 (full 5):
 PSYoungGen      total 193024K, used 41583K [0x00000007aab00000, 0x00000007ba780000, 0x0000000800000000)
  eden space 137216K, 0% used [0x00000007aab00000,0x00000007aab00000,0x00000007b3100000)
  from space 55808K, 74% used [0x00000007b6a80000,0x00000007b931bf78,0x00000007ba100000)
  to   space 58880K, 0% used [0x00000007b3100000,0x00000007b3100000,0x00000007b6a80000)
 ParOldGen       total 168448K, used 134924K [0x0000000700000000, 0x000000070a480000, 0x00000007aab00000)
  object space 168448K, 80% used [0x0000000700000000,0x00000007083c3160,0x000000070a480000)
 Metaspace       used 124824K, committed 126016K, reserved 1179648K
  class space    used 17372K, committed 17984K, reserved 1048576K
}
Event: 449.362 GC heap before
{Heap before GC invocations=29 (full 5):
 PSYoungGen      total 193024K, used 178799K [0x00000007aab00000, 0x00000007ba780000, 0x0000000800000000)
  eden space 137216K, 100% used [0x00000007aab00000,0x00000007b3100000,0x00000007b3100000)
  from space 55808K, 74% used [0x00000007b6a80000,0x00000007b931bf78,0x00000007ba100000)
  to   space 58880K, 0% used [0x00000007b3100000,0x00000007b3100000,0x00000007b6a80000)
 ParOldGen       total 168448K, used 134924K [0x0000000700000000, 0x000000070a480000, 0x00000007aab00000)
  object space 168448K, 80% used [0x0000000700000000,0x00000007083c3160,0x000000070a480000)
 Metaspace       used 126104K, committed 127296K, reserved 1179648K
  class space    used 17514K, committed 18112K, reserved 1048576K
}
Event: 449.444 GC heap after
{Heap after GC invocations=29 (full 5):
 PSYoungGen      total 196096K, used 46335K [0x00000007aab00000, 0x00000007bba80000, 0x0000000800000000)
  eden space 137216K, 0% used [0x00000007aab00000,0x00000007aab00000,0x00000007b3100000)
  from space 58880K, 78% used [0x00000007b3100000,0x00000007b5e3ffb8,0x00000007b6a80000)
  to   space 62976K, 0% used [0x00000007b7d00000,0x00000007b7d00000,0x00000007bba80000)
 ParOldGen       total 168448K, used 134932K [0x0000000700000000, 0x000000070a480000, 0x00000007aab00000)
  object space 168448K, 80% used [0x0000000700000000,0x00000007083c5160,0x000000070a480000)
 Metaspace       used 126104K, committed 127296K, reserved 1179648K
  class space    used 17514K, committed 18112K, reserved 1048576K
}
Event: 451.092 GC heap before
{Heap before GC invocations=30 (full 5):
 PSYoungGen      total 196096K, used 183551K [0x00000007aab00000, 0x00000007bba80000, 0x0000000800000000)
  eden space 137216K, 100% used [0x00000007aab00000,0x00000007b3100000,0x00000007b3100000)
  from space 58880K, 78% used [0x00000007b3100000,0x00000007b5e3ffb8,0x00000007b6a80000)
  to   space 62976K, 0% used [0x00000007b7d00000,0x00000007b7d00000,0x00000007bba80000)
 ParOldGen       total 168448K, used 134932K [0x0000000700000000, 0x000000070a480000, 0x00000007aab00000)
  object space 168448K, 80% used [0x0000000700000000,0x00000007083c5160,0x000000070a480000)
 Metaspace       used 126576K, committed 127744K, reserved 1179648K
  class space    used 17565K, committed 18112K, reserved 1048576K
}
Event: 451.136 GC heap after
{Heap after GC invocations=30 (full 5):
 PSYoungGen      total 210432K, used 50944K [0x00000007aab00000, 0x00000007bc080000, 0x0000000800000000)
  eden space 147456K, 0% used [0x00000007aab00000,0x00000007aab00000,0x00000007b3b00000)
  from space 62976K, 80% used [0x00000007b7d00000,0x00000007baec0008,0x00000007bba80000)
  to   space 67584K, 0% used [0x00000007b3b00000,0x00000007b3b00000,0x00000007b7d00000)
 ParOldGen       total 168448K, used 134940K [0x0000000700000000, 0x000000070a480000, 0x00000007aab00000)
  object space 168448K, 80% used [0x0000000700000000,0x00000007083c7160,0x000000070a480000)
 Metaspace       used 126576K, committed 127744K, reserved 1179648K
  class space    used 17565K, committed 18112K, reserved 1048576K
}
Event: 452.288 GC heap before
{Heap before GC invocations=31 (full 5):
 PSYoungGen      total 210432K, used 198400K [0x00000007aab00000, 0x00000007bc080000, 0x0000000800000000)
  eden space 147456K, 100% used [0x00000007aab00000,0x00000007b3b00000,0x00000007b3b00000)
  from space 62976K, 80% used [0x00000007b7d00000,0x00000007baec0008,0x00000007bba80000)
  to   space 67584K, 0% used [0x00000007b3b00000,0x00000007b3b00000,0x00000007b7d00000)
 ParOldGen       total 168448K, used 134940K [0x0000000700000000, 0x000000070a480000, 0x00000007aab00000)
  object space 168448K, 80% used [0x0000000700000000,0x00000007083c7160,0x000000070a480000)
 Metaspace       used 128163K, committed 129408K, reserved 1179648K
  class space    used 17778K, committed 18368K, reserved 1048576K
}
Event: 452.354 GC heap after
{Heap after GC invocations=31 (full 5):
 PSYoungGen      total 215040K, used 56763K [0x00000007aab00000, 0x00000007bd980000, 0x0000000800000000)
  eden space 147456K, 0% used [0x00000007aab00000,0x00000007aab00000,0x00000007b3b00000)
  from space 67584K, 83% used [0x00000007b3b00000,0x00000007b726eea0,0x00000007b7d00000)
  to   space 73216K, 0% used [0x00000007b9200000,0x00000007b9200000,0x00000007bd980000)
 ParOldGen       total 168448K, used 134948K [0x0000000700000000, 0x000000070a480000, 0x00000007aab00000)
  object space 168448K, 80% used [0x0000000700000000,0x00000007083c9160,0x000000070a480000)
 Metaspace       used 128163K, committed 129408K, reserved 1179648K
  class space    used 17778K, committed 18368K, reserved 1048576K
}
Event: 453.811 GC heap before
{Heap before GC invocations=32 (full 5):
 PSYoungGen      total 215040K, used 204219K [0x00000007aab00000, 0x00000007bd980000, 0x0000000800000000)
  eden space 147456K, 100% used [0x00000007aab00000,0x00000007b3b00000,0x00000007b3b00000)
  from space 67584K, 83% used [0x00000007b3b00000,0x00000007b726eea0,0x00000007b7d00000)
  to   space 73216K, 0% used [0x00000007b9200000,0x00000007b9200000,0x00000007bd980000)
 ParOldGen       total 168448K, used 134948K [0x0000000700000000, 0x000000070a480000, 0x00000007aab00000)
  object space 168448K, 80% used [0x0000000700000000,0x00000007083c9160,0x000000070a480000)
 Metaspace       used 129825K, committed 131072K, reserved 1179648K
  class space    used 17977K, committed 18560K, reserved 1048576K
}
Event: 453.872 GC heap after
{Heap after GC invocations=32 (full 5):
 PSYoungGen      total 226816K, used 70646K [0x00000007aab00000, 0x00000007bed00000, 0x0000000800000000)
  eden space 153600K, 0% used [0x00000007aab00000,0x00000007aab00000,0x00000007b4100000)
  from space 73216K, 96% used [0x00000007b9200000,0x00000007bd6fd908,0x00000007bd980000)
  to   space 82944K, 0% used [0x00000007b4100000,0x00000007b4100000,0x00000007b9200000)
 ParOldGen       total 168448K, used 134956K [0x0000000700000000, 0x000000070a480000, 0x00000007aab00000)
  object space 168448K, 80% used [0x0000000700000000,0x00000007083cb160,0x000000070a480000)
 Metaspace       used 129825K, committed 131072K, reserved 1179648K
  class space    used 17977K, committed 18560K, reserved 1048576K
}
Event: 464.838 GC heap before
{Heap before GC invocations=33 (full 5):
 PSYoungGen      total 226816K, used 224246K [0x00000007aab00000, 0x00000007bed00000, 0x0000000800000000)
  eden space 153600K, 100% used [0x00000007aab00000,0x00000007b4100000,0x00000007b4100000)
  from space 73216K, 96% used [0x00000007b9200000,0x00000007bd6fd908,0x00000007bd980000)
  to   space 82944K, 0% used [0x00000007b4100000,0x00000007b4100000,0x00000007b9200000)
 ParOldGen       total 168448K, used 134956K [0x0000000700000000, 0x000000070a480000, 0x00000007aab00000)
  object space 168448K, 80% used [0x0000000700000000,0x00000007083cb160,0x000000070a480000)
 Metaspace       used 130692K, committed 131968K, reserved 1179648K
  class space    used 18080K, committed 18688K, reserved 1048576K
}
Event: 464.867 GC heap after
{Heap after GC invocations=33 (full 5):
 PSYoungGen      total 236544K, used 58343K [0x00000007aab00000, 0x00000007bf700000, 0x0000000800000000)
  eden space 153600K, 0% used [0x00000007aab00000,0x00000007aab00000,0x00000007b4100000)
  from space 82944K, 70% used [0x00000007b4100000,0x00000007b79f9ca0,0x00000007b9200000)
  to   space 86016K, 0% used [0x00000007ba300000,0x00000007ba300000,0x00000007bf700000)
 ParOldGen       total 168448K, used 134964K [0x0000000700000000, 0x000000070a480000, 0x00000007aab00000)
  object space 168448K, 80% used [0x0000000700000000,0x00000007083cd160,0x000000070a480000)
 Metaspace       used 130692K, committed 131968K, reserved 1179648K
  class space    used 18080K, committed 18688K, reserved 1048576K
}
Event: 567.062 GC heap before
{Heap before GC invocations=34 (full 5):
 PSYoungGen      total 236544K, used 211943K [0x00000007aab00000, 0x00000007bf700000, 0x0000000800000000)
  eden space 153600K, 100% used [0x00000007aab00000,0x00000007b4100000,0x00000007b4100000)
  from space 82944K, 70% used [0x00000007b4100000,0x00000007b79f9ca0,0x00000007b9200000)
  to   space 86016K, 0% used [0x00000007ba300000,0x00000007ba300000,0x00000007bf700000)
 ParOldGen       total 168448K, used 134964K [0x0000000700000000, 0x000000070a480000, 0x00000007aab00000)
  object space 168448K, 80% used [0x0000000700000000,0x00000007083cd160,0x000000070a480000)
 Metaspace       used 132693K, committed 133952K, reserved 1179648K
  class space    used 18324K, committed 18944K, reserved 1048576K
}
Event: 567.149 GC heap after
{Heap after GC invocations=34 (full 5):
 PSYoungGen      total 242688K, used 43107K [0x00000007aab00000, 0x00000007bee80000, 0x0000000800000000)
  eden space 165376K, 0% used [0x00000007aab00000,0x00000007aab00000,0x00000007b4c80000)
  from space 77312K, 55% used [0x00000007ba300000,0x00000007bcd18c58,0x00000007bee80000)
  to   space 82944K, 0% used [0x00000007b4c80000,0x00000007b4c80000,0x00000007b9d80000)
 ParOldGen       total 168448K, used 134972K [0x0000000700000000, 0x000000070a480000, 0x00000007aab00000)
  object space 168448K, 80% used [0x0000000700000000,0x00000007083cf160,0x000000070a480000)
 Metaspace       used 132693K, committed 133952K, reserved 1179648K
  class space    used 18324K, committed 18944K, reserved 1048576K
}
Event: 574.869 GC heap before
{Heap before GC invocations=35 (full 5):
 PSYoungGen      total 242688K, used 208483K [0x00000007aab00000, 0x00000007bee80000, 0x0000000800000000)
  eden space 165376K, 100% used [0x00000007aab00000,0x00000007b4c80000,0x00000007b4c80000)
  from space 77312K, 55% used [0x00000007ba300000,0x00000007bcd18c58,0x00000007bee80000)
  to   space 82944K, 0% used [0x00000007b4c80000,0x00000007b4c80000,0x00000007b9d80000)
 ParOldGen       total 168448K, used 134972K [0x0000000700000000, 0x000000070a480000, 0x00000007aab00000)
  object space 168448K, 80% used [0x0000000700000000,0x00000007083cf160,0x000000070a480000)
 Metaspace       used 133234K, committed 134656K, reserved 1179648K
  class space    used 18393K, committed 19072K, reserved 1048576K
}
Event: 574.913 GC heap after
{Heap after GC invocations=35 (full 5):
 PSYoungGen      total 248320K, used 54835K [0x00000007aab00000, 0x00000007bfb80000, 0x0000000800000000)
  eden space 165376K, 0% used [0x00000007aab00000,0x00000007aab00000,0x00000007b4c80000)
  from space 82944K, 66% used [0x00000007b4c80000,0x00000007b820cc78,0x00000007b9d80000)
  to   space 83968K, 0% used [0x00000007ba980000,0x00000007ba980000,0x00000007bfb80000)
 ParOldGen       total 168448K, used 134980K [0x0000000700000000, 0x000000070a480000, 0x00000007aab00000)
  object space 168448K, 80% used [0x0000000700000000,0x00000007083d1160,0x000000070a480000)
 Metaspace       used 133234K, committed 134656K, reserved 1179648K
  class space    used 18393K, committed 19072K, reserved 1048576K
}

